<?xml version="1.0" encoding="UTF-8"?>
<testsuites name="Mocha Tests" time="0.0120" tests="1" failures="0">
  <testsuite name="Root Suite" timestamp="2021-04-01T07:38:04" tests="0" time="0.0000" failures="0">
  </testsuite>
  <testsuite name="Test suite for Customer Dao" timestamp="2021-04-01T07:38:04" tests="1" file="/Users/jay/git_jay/node_mongo/crud/test/dao/customerDao.test.js" time="0.0120" failures="0">
    <testcase name="Test suite for Customer Dao should pass" time="0.0120" classname="should pass">
    </testcase>
  </testsuite>
</testsuites>